<?xml version="1.0" encoding="UTF-8"?>
<!-- Generated by org.testng.reporters.JUnitReportReporter -->
<testsuite hostname="SaiGaming" failures="0" tests="2" name="demo.google.GoogleSearchTest" time="7.113" errors="0" timestamp="2024-10-30T07:05:42 GMT+07:00" skipped="0">
  <testcase classname="demo.google.GoogleSearchTest" name="testGoogleSearchAnime" time="3.435"/>
  <testcase classname="demo.google.GoogleSearchTest" name="testGoogleSearch" time="3.678"/>
</testsuite> <!-- demo.google.GoogleSearchTest -->
