<?xml version="1.0" encoding="UTF-8"?>
<!-- Generated by org.testng.reporters.JUnitReportReporter -->
<testsuite hostname="SaiGaming" failures="0" tests="2" name="features.demo.google.GoogleSearchTest" time="7.053" errors="0" timestamp="2024-10-30T07:24:36 GMT+07:00" skipped="0">
  <testcase classname="features.demo.google.GoogleSearchTest" name="testGoogleSearchAnime" time="3.401"/>
  <testcase classname="features.demo.google.GoogleSearchTest" name="testGoogleSearch" time="3.652"/>
</testsuite> <!-- features.demo.google.GoogleSearchTest -->
