<?xml version="1.0" encoding="UTF-8"?>
<!-- Generated by org.testng.reporters.JUnitReportReporter -->
<testsuite hostname="SaiGaming" failures="0" tests="2" name="features.demo.google.GoogleSearchTest" time="1.041" errors="0" timestamp="2024-11-02T02:49:38 GMT+07:00" skipped="0">
  <testcase classname="features.demo.google.GoogleSearchTest" name="testGoogleSearch" time="0.660"/>
  <testcase classname="features.demo.google.GoogleSearchTest" name="testGoogleSearchAnime" time="0.381"/>
</testsuite> <!-- features.demo.google.GoogleSearchTest -->
