<?xml version="1.0" encoding="UTF-8"?>
<!-- Generated by org.testng.reporters.JUnitReportReporter -->
<testsuite hostname="SaiGaming" failures="0" tests="3" name="features.demo.google.GooglePageTest" time="6.371" errors="0" timestamp="2024-10-31T04:59:57 GMT+07:00" skipped="0">
  <testcase classname="features.demo.google.GooglePageTest" name="testGoogleSearch" time="0.549"/>
  <testcase classname="features.demo.google.GooglePageTest" name="testSearchSaiGame" time="4.913"/>
  <testcase classname="features.demo.google.GooglePageTest" name="testGoogleSearchAnime" time="0.909"/>
</testsuite> <!-- features.demo.google.GooglePageTest -->
