<?xml version="1.0" encoding="UTF-8"?>
<!-- Generated by org.testng.reporters.JUnitReportReporter -->
<testsuite hostname="SaiGaming" failures="0" tests="3" name="features.demo.google.GooglePageTest" time="4.329" errors="0" timestamp="2024-10-31T05:25:29 GMT+07:00" skipped="0">
  <testcase classname="features.demo.google.GooglePageTest" name="testSearchSaiGame" time="2.964"/>
  <testcase classname="features.demo.google.GooglePageTest" name="testGoogleSearch" time="0.465"/>
  <testcase classname="features.demo.google.GooglePageTest" name="testGoogleSearchAnime" time="0.900"/>
</testsuite> <!-- features.demo.google.GooglePageTest -->
