<?xml version="1.0" encoding="UTF-8"?>
<!-- Generated by org.testng.reporters.JUnitReportReporter -->
<testsuite hostname="SaiGaming" failures="0" tests="3" name="features.demo.google.GooglePageTwoTest" time="3.421" errors="0" timestamp="2024-11-02T03:51:35 GMT+07:00" skipped="0">
  <testcase classname="features.demo.google.GooglePageTwoTest" name="testGoogleSearchTwo" time="0.221"/>
  <testcase classname="features.demo.google.GooglePageTwoTest" name="testSearchSaiGameTwo" time="2.090"/>
  <testcase classname="features.demo.google.GooglePageTwoTest" name="testGoogleSearchAnimeTwo" time="1.110"/>
</testsuite> <!-- features.demo.google.GooglePageTwoTest -->
