<?xml version="1.0" encoding="UTF-8"?>
<!-- Generated by org.testng.reporters.JUnitReportReporter -->
<testsuite hostname="SaiGaming" failures="0" tests="3" name="features.demo.google.GooglePageTwoTest" time="4.198" errors="0" timestamp="2024-11-02T05:02:25 GMT+07:00" skipped="0">
  <testcase classname="features.demo.google.GooglePageTwoTest" name="testGoogleSearchTwo" time="0.223"/>
  <testcase classname="features.demo.google.GooglePageTwoTest" name="testSearchSaiGameTwo" time="2.814"/>
  <testcase classname="features.demo.google.GooglePageTwoTest" name="testGoogleSearchAnimeTwo" time="1.161"/>
</testsuite> <!-- features.demo.google.GooglePageTwoTest -->
