<?xml version="1.0" encoding="UTF-8"?>
<!-- Generated by org.testng.reporters.JUnitReportReporter -->
<testsuite hostname="SaiGaming" failures="0" tests="2" name="features.demo.google.GoogleSearchTest" time="1.062" errors="0" timestamp="2024-10-30T07:10:39 GMT+07:00" skipped="0">
  <testcase classname="features.demo.google.GoogleSearchTest" name="testGoogleSearch" time="0.673"/>
  <testcase classname="features.demo.google.GoogleSearchTest" name="testGoogleSearchAnime" time="0.389"/>
</testsuite> <!-- features.demo.google.GoogleSearchTest -->
