<?xml version="1.0" encoding="UTF-8"?>
<!-- Generated by org.testng.reporters.JUnitReportReporter -->
<testsuite hostname="SaiGaming" failures="0" tests="3" name="features.demo.google.GooglePageTest" time="4.279" errors="0" timestamp="2024-11-02T03:51:35 GMT+07:00" skipped="0">
  <testcase classname="features.demo.google.GooglePageTest" name="testGoogleSearchAnime" time="0.875"/>
  <testcase classname="features.demo.google.GooglePageTest" name="testGoogleSearch" time="0.465"/>
  <testcase classname="features.demo.google.GooglePageTest" name="testSearchSaiGame" time="2.939"/>
</testsuite> <!-- features.demo.google.GooglePageTest -->
