<?xml version="1.0" encoding="UTF-8"?>
<!-- Generated by org.testng.reporters.JUnitReportReporter -->
<testsuite hostname="SaiGaming" failures="0" tests="3" name="features.demo.google.GooglePageTest" time="3.454" errors="0" timestamp="2024-11-02T02:49:38 GMT+07:00" skipped="0">
  <testcase classname="features.demo.google.GooglePageTest" name="testGoogleSearch" time="0.492"/>
  <testcase classname="features.demo.google.GooglePageTest" name="testSearchSaiGame" time="2.074"/>
  <testcase classname="features.demo.google.GooglePageTest" name="testGoogleSearchAnime" time="0.888"/>
</testsuite> <!-- features.demo.google.GooglePageTest -->
