<?xml version="1.0" encoding="UTF-8"?>
<!-- Generated by org.testng.reporters.JUnitReportReporter -->
<testsuite hostname="SaiGaming" failures="0" tests="3" name="features.demo.google.GooglePageTest" time="4.438" errors="0" timestamp="2024-10-31T05:35:52 GMT+07:00" skipped="0">
  <testcase classname="features.demo.google.GooglePageTest" name="testGoogleSearch" time="0.579"/>
  <testcase classname="features.demo.google.GooglePageTest" name="testGoogleSearchAnime" time="0.919"/>
  <testcase classname="features.demo.google.GooglePageTest" name="testSearchSaiGame" time="2.940"/>
</testsuite> <!-- features.demo.google.GooglePageTest -->
